# JRE version: OpenJDK Runtime Environment Temurin-21.0.6+7 (21.0.6+7) (build 21.0.6+7-LTS)
# Java VM: OpenJDK 64-Bit Server VM Temurin-21.0.6+7 (21.0.6+7-LTS, mixed mode, sharing, tiered, compressed oops, compressed class ptrs, g1 gc, windows-amd64)
GC Precious Log:
 CardTable entry size: 512
 Card Set container configuration: InlinePtr #cards 5 size 8 Array Of Cards #cards 12 size 40 Howl #buckets 4 coarsen threshold 1843 Howl Bitmap #cards 512 size 80 coarsen threshold 460 Card regions per heap region 1 cards per card region 2048
 CPUs: 12 total, 12 available
 Memory: 7521M
 Large Page Support: Disabled
 NUMA Support: Disabled
 Compressed Oops: Enabled (32-bit)
 Heap Region Size: 1M
 Heap Min Capacity: 8M
 Heap Initial Capacity: 118M
 Heap Max Capacity: 1882M
 Pre-touch: Disabled
 Parallel Workers: 10
 Concurrent Workers: 3
 Concurrent Refinement Workers: 10
 Periodic GC: Disabled
Heap:
 garbage-first heap   total 111616K, used 82732K [0x000000008a600000, 0x0000000100000000)
  region size 1024K, 41 young (41984K), 7 survivors (7168K)
 Metaspace       used 82261K, committed 83072K, reserved 1179648K
  class space    used 10826K, committed 11200K, reserved 1048576K
GC Heap History (20 events):
Event: 2.159 GC heap after
{Heap after GC invocations=3 (full 0):
 garbage-first heap   total 120832K, used 20367K [0x000000008a600000, 0x0000000100000000)
  region size 1024K, 7 young (7168K), 7 survivors (7168K)
 Metaspace       used 20524K, committed 20864K, reserved 1114112K
  class space    used 2617K, committed 2752K, reserved 1048576K
}
Event: 2.304 GC heap before
{Heap before GC invocations=3 (full 0):
 garbage-first heap   total 120832K, used 27535K [0x000000008a600000, 0x0000000100000000)
  region size 1024K, 15 young (15360K), 7 survivors (7168K)
 Metaspace       used 21228K, committed 21504K, reserved 1114112K
  class space    used 2699K, committed 2816K, reserved 1048576K
}
Event: 2.309 GC heap after
{Heap after GC invocations=4 (full 0):
 garbage-first heap   total 120832K, used 21767K [0x000000008a600000, 0x0000000100000000)
  region size 1024K, 6 young (6144K), 6 survivors (6144K)
 Metaspace       used 21228K, committed 21504K, reserved 1114112K
  class space    used 2699K, committed 2816K, reserved 1048576K
}
Event: 3.624 GC heap before
{Heap before GC invocations=5 (full 0):
 garbage-first heap   total 75776K, used 75015K [0x000000008a600000, 0x0000000100000000)
  region size 1024K, 58 young (59392K), 6 survivors (6144K)
 Metaspace       used 27942K, committed 28416K, reserved 1114112K
  class space    used 3568K, committed 3776K, reserved 1048576K
}
Event: 3.632 GC heap after
{Heap after GC invocations=6 (full 0):
 garbage-first heap   total 84992K, used 25444K [0x000000008a600000, 0x0000000100000000)
  region size 1024K, 5 young (5120K), 5 survivors (5120K)
 Metaspace       used 27942K, committed 28416K, reserved 1114112K
  class space    used 3568K, committed 3776K, reserved 1048576K
}
Event: 4.358 GC heap before
{Heap before GC invocations=6 (full 0):
 garbage-first heap   total 84992K, used 75620K [0x000000008a600000, 0x0000000100000000)
  region size 1024K, 47 young (48128K), 5 survivors (5120K)
 Metaspace       used 33081K, committed 33600K, reserved 1114112K
  class space    used 4242K, committed 4480K, reserved 1048576K
}
Event: 4.367 GC heap after
{Heap after GC invocations=7 (full 0):
 garbage-first heap   total 88064K, used 30764K [0x000000008a600000, 0x0000000100000000)
  region size 1024K, 6 young (6144K), 6 survivors (6144K)
 Metaspace       used 33081K, committed 33600K, reserved 1114112K
  class space    used 4242K, committed 4480K, reserved 1048576K
}
Event: 4.747 GC heap before
{Heap before GC invocations=7 (full 0):
 garbage-first heap   total 88064K, used 57388K [0x000000008a600000, 0x0000000100000000)
  region size 1024K, 33 young (33792K), 6 survivors (6144K)
 Metaspace       used 35460K, committed 35968K, reserved 1114112K
  class space    used 4512K, committed 4736K, reserved 1048576K
}
Event: 4.751 GC heap after
{Heap after GC invocations=8 (full 0):
 garbage-first heap   total 88064K, used 32528K [0x000000008a600000, 0x0000000100000000)
  region size 1024K, 3 young (3072K), 3 survivors (3072K)
 Metaspace       used 35460K, committed 35968K, reserved 1114112K
  class space    used 4512K, committed 4736K, reserved 1048576K
}
Event: 5.885 GC heap before
{Heap before GC invocations=9 (full 0):
 garbage-first heap   total 88064K, used 71440K [0x000000008a600000, 0x0000000100000000)
  region size 1024K, 42 young (43008K), 3 survivors (3072K)
 Metaspace       used 47146K, committed 47744K, reserved 1114112K
  class space    used 6106K, committed 6400K, reserved 1048576K
}
Event: 5.889 GC heap after
{Heap after GC invocations=10 (full 0):
 garbage-first heap   total 106496K, used 34252K [0x000000008a600000, 0x0000000100000000)
  region size 1024K, 5 young (5120K), 5 survivors (5120K)
 Metaspace       used 47146K, committed 47744K, reserved 1114112K
  class space    used 6106K, committed 6400K, reserved 1048576K
}
Event: 6.821 GC heap before
{Heap before GC invocations=10 (full 0):
 garbage-first heap   total 106496K, used 81356K [0x000000008a600000, 0x0000000100000000)
  region size 1024K, 53 young (54272K), 5 survivors (5120K)
 Metaspace       used 59907K, committed 60480K, reserved 1114112K
  class space    used 7996K, committed 8256K, reserved 1048576K
}
Event: 6.825 GC heap after
{Heap after GC invocations=11 (full 0):
 garbage-first heap   total 106496K, used 35741K [0x000000008a600000, 0x0000000100000000)
  region size 1024K, 6 young (6144K), 6 survivors (6144K)
 Metaspace       used 59907K, committed 60480K, reserved 1114112K
  class space    used 7996K, committed 8256K, reserved 1048576K
}
Event: 6.874 GC heap before
{Heap before GC invocations=11 (full 0):
 garbage-first heap   total 106496K, used 38813K [0x000000008a600000, 0x0000000100000000)
  region size 1024K, 10 young (10240K), 6 survivors (6144K)
 Metaspace       used 60230K, committed 60800K, reserved 1114112K
  class space    used 8044K, committed 8320K, reserved 1048576K
}
Event: 6.877 GC heap after
{Heap after GC invocations=12 (full 0):
 garbage-first heap   total 106496K, used 36046K [0x000000008a600000, 0x0000000100000000)
  region size 1024K, 3 young (3072K), 3 survivors (3072K)
 Metaspace       used 60230K, committed 60800K, reserved 1114112K
  class space    used 8044K, committed 8320K, reserved 1048576K
}
Event: 7.723 GC heap before
{Heap before GC invocations=13 (full 0):
 garbage-first heap   total 106496K, used 97486K [0x000000008a600000, 0x0000000100000000)
  region size 1024K, 59 young (60416K), 3 survivors (3072K)
 Metaspace       used 69796K, committed 70464K, reserved 1114112K
  class space    used 9189K, committed 9472K, reserved 1048576K
}
Event: 7.730 GC heap after
{Heap after GC invocations=14 (full 0):
 garbage-first heap   total 109568K, used 46382K [0x000000008a600000, 0x0000000100000000)
  region size 1024K, 8 young (8192K), 8 survivors (8192K)
 Metaspace       used 69796K, committed 70464K, reserved 1114112K
  class space    used 9189K, committed 9472K, reserved 1048576K
}
Event: 8.566 GC heap before
{Heap before GC invocations=14 (full 0):
 garbage-first heap   total 109568K, used 96558K [0x000000008a600000, 0x0000000100000000)
  region size 1024K, 55 young (56320K), 8 survivors (8192K)
 Metaspace       used 75655K, committed 76416K, reserved 1179648K
  class space    used 10050K, committed 10432K, reserved 1048576K
}
Event: 8.576 GC heap after
{Heap after GC invocations=15 (full 0):
 garbage-first heap   total 111616K, used 48940K [0x000000008a600000, 0x0000000100000000)
  region size 1024K, 7 young (7168K), 7 survivors (7168K)
 Metaspace       used 75655K, committed 76416K, reserved 1179648K
  class space    used 10050K, committed 10432K, reserved 1048576K
}
Event: 344.748 GC heap before
{Heap before GC invocations=15 (full 0):
 garbage-first heap   total 111616K, used 82732K [0x000000008a600000, 0x0000000100000000)
  region size 1024K, 41 young (41984K), 7 survivors (7168K)
 Metaspace       used 82261K, committed 83072K, reserved 1179648K
  class space    used 10826K, committed 11200K, reserved 1048576K
}

